2013-03-14 21:56:35 8600 [Note] Plugin 'FEDERATED' is disabled.
2013-03-14 21:56:35 8600 [Warning] option 'innodb-autoextend-increment': unsigned value 67108864 adjusted to 1000
2013-03-14 21:56:36 1c34 InnoDB: Warning: Using innodb_additional_mem_pool_size is DEPRECATED. This option may be removed in future releases, together with the option innodb_use_sys_malloc and with the InnoDB's internal memory allocator.
2013-03-14 21:56:36 8600 [Note] InnoDB: The InnoDB memory heap is disabled
2013-03-14 21:56:36 8600 [Note] InnoDB: Mutexes and rw_locks use Windows interlocked functions
2013-03-14 21:56:36 8600 [Note] InnoDB: Compressed tables use zlib 1.2.3
2013-03-14 21:56:36 8600 [Note] InnoDB: CPU does not support crc32 instructions
2013-03-14 21:56:36 8600 [Note] InnoDB: Initializing buffer pool, size = 22.0M
2013-03-14 21:56:36 8600 [Note] InnoDB: Completed initialization of buffer pool
2013-03-14 21:56:36 8600 [Note] InnoDB: Highest supported file format is Barracuda.
2013-03-14 21:56:41 8600 [Note] InnoDB: 128 rollback segment(s) are active.
2013-03-14 21:56:41 8600 [Note] InnoDB: Waiting for purge to start
2013-03-14 21:56:41 8600 [Note] InnoDB: 1.2.10 started; log sequence number 1625977
2013-03-14 21:56:41 8600 [Warning] No existing UUID has been found, so we assume that this is the first time that this server has been started. Generating a new UUID: abf96c2b-8ce9-11e2-9465-5cff350a8ee7.
2013-03-14 21:56:41 8600 [Note] Server hostname (bind-address): '*'; port: 3306
2013-03-14 21:56:41 8600 [Note] IPv6 is available.
2013-03-14 21:56:41 8600 [Note]   - '::' resolves to '::';
2013-03-14 21:56:41 8600 [Note] Server socket created on IP: '::'.
2013-03-14 21:56:44 8600 [Note] Event Scheduler: Loaded 0 events
2013-03-14 21:56:44 8600 [Note] E:\Ecole\PDB\MySQL\MySQL Server 5.6\bin\mysqld: ready for connections.
Version: '5.6.10'  socket: ''  port: 3306  MySQL Community Server (GPL)
2013-03-14 22:50:44 8600 [Note] E:\Ecole\PDB\MySQL\MySQL Server 5.6\bin\mysqld: Normal shutdown

2013-03-14 22:50:44 8600 [Note] Giving 0 client threads a chance to die gracefully
2013-03-14 22:50:44 8600 [Note] Event Scheduler: Purging the queue. 0 events
2013-03-14 22:50:44 8600 [Note] Shutting down slave threads
2013-03-14 22:50:44 8600 [Note] Forcefully disconnecting 0 remaining clients
2013-03-14 22:50:45 8600 [Note] Binlog end
2013-03-14 22:50:45 8600 [Note] Shutting down plugin 'partition'
2013-03-14 22:50:45 8600 [Note] Shutting down plugin 'PERFORMANCE_SCHEMA'
2013-03-14 22:50:45 8600 [Note] Shutting down plugin 'INNODB_SYS_DATAFILES'
2013-03-14 22:50:45 8600 [Note] Shutting down plugin 'INNODB_SYS_TABLESPACES'
2013-03-14 22:50:45 8600 [Note] Shutting down plugin 'INNODB_SYS_FOREIGN_COLS'
2013-03-14 22:50:45 8600 [Note] Shutting down plugin 'INNODB_SYS_FOREIGN'
2013-03-14 22:50:45 8600 [Note] Shutting down plugin 'INNODB_SYS_FIELDS'
2013-03-14 22:50:45 8600 [Note] Shutting down plugin 'INNODB_SYS_COLUMNS'
2013-03-14 22:50:45 8600 [Note] Shutting down plugin 'INNODB_SYS_INDEXES'
2013-03-14 22:50:45 8600 [Note] Shutting down plugin 'INNODB_SYS_TABLESTATS'
2013-03-14 22:50:45 8600 [Note] Shutting down plugin 'INNODB_SYS_TABLES'
2013-03-14 22:50:45 8600 [Note] Shutting down plugin 'INNODB_FT_INDEX_TABLE'
2013-03-14 22:50:45 8600 [Note] Shutting down plugin 'INNODB_FT_INDEX_CACHE'
2013-03-14 22:50:45 8600 [Note] Shutting down plugin 'INNODB_FT_CONFIG'
2013-03-14 22:50:45 8600 [Note] Shutting down plugin 'INNODB_FT_BEING_DELETED'
2013-03-14 22:50:45 8600 [Note] Shutting down plugin 'INNODB_FT_DELETED'
2013-03-14 22:50:45 8600 [Note] Shutting down plugin 'INNODB_FT_INSERTED'
2013-03-14 22:50:45 8600 [Note] Shutting down plugin 'INNODB_FT_DEFAULT_STOPWORD'
2013-03-14 22:50:45 8600 [Note] Shutting down plugin 'INNODB_METRICS'
2013-03-14 22:50:45 8600 [Note] Shutting down plugin 'INNODB_BUFFER_POOL_STATS'
2013-03-14 22:50:45 8600 [Note] Shutting down plugin 'INNODB_BUFFER_PAGE_LRU'
2013-03-14 22:50:45 8600 [Note] Shutting down plugin 'INNODB_BUFFER_PAGE'
2013-03-14 22:50:45 8600 [Note] Shutting down plugin 'INNODB_CMP_PER_INDEX_RESET'
2013-03-14 22:50:45 8600 [Note] Shutting down plugin 'INNODB_CMP_PER_INDEX'
2013-03-14 22:50:45 8600 [Note] Shutting down plugin 'INNODB_CMPMEM_RESET'
2013-03-14 22:50:45 8600 [Note] Shutting down plugin 'INNODB_CMPMEM'
2013-03-14 22:50:45 8600 [Note] Shutting down plugin 'INNODB_CMP_RESET'
2013-03-14 22:50:45 8600 [Note] Shutting down plugin 'INNODB_CMP'
2013-03-14 22:50:45 8600 [Note] Shutting down plugin 'INNODB_LOCK_WAITS'
2013-03-14 22:50:45 8600 [Note] Shutting down plugin 'INNODB_LOCKS'
2013-03-14 22:50:45 8600 [Note] Shutting down plugin 'INNODB_TRX'
2013-03-14 22:50:45 8600 [Note] Shutting down plugin 'InnoDB'
2013-03-14 22:50:45 8600 [Note] InnoDB: FTS optimize thread exiting.
2013-03-14 22:50:45 8600 [Note] InnoDB: Starting shutdown...
2013-03-14 22:50:46 8600 [Note] InnoDB: Shutdown completed; log sequence number 1625987
2013-03-14 22:50:46 8600 [Note] Shutting down plugin 'BLACKHOLE'
2013-03-14 22:50:46 8600 [Note] Shutting down plugin 'ARCHIVE'
2013-03-14 22:50:46 8600 [Note] Shutting down plugin 'MRG_MYISAM'
2013-03-14 22:50:46 8600 [Note] Shutting down plugin 'MyISAM'
2013-03-14 22:50:46 8600 [Note] Shutting down plugin 'MEMORY'
2013-03-14 22:50:46 8600 [Note] Shutting down plugin 'CSV'
2013-03-14 22:50:46 8600 [Note] Shutting down plugin 'sha256_password'
2013-03-14 22:50:46 8600 [Note] Shutting down plugin 'mysql_old_password'
2013-03-14 22:50:46 8600 [Note] Shutting down plugin 'mysql_native_password'
2013-03-14 22:50:46 8600 [Note] Shutting down plugin 'binlog'
2013-03-14 22:50:46 8600 [Note] E:\Ecole\PDB\MySQL\MySQL Server 5.6\bin\mysqld: Shutdown complete

